TN:
SF:ejercicios\ejercicio1\temperatura.js
FN:1,celsiusAFahrenheit
FN:5,fahrenheitACelsius
FNF:2
FNH:2
FNDA:2,celsiusAFahrenheit
FNDA:2,fahrenheitACelsius
DA:2,2
DA:6,2
DA:9,1
LF:3
LH:3
BRF:0
BRH:0
end_of_record
TN:
SF:ejercicios\ejercicio2\validador.js
FN:1,validarContrasena
FNF:1
FNH:1
FNDA:4,validarContrasena
DA:2,4
DA:4,4
DA:5,1
DA:8,4
DA:9,1
DA:12,4
DA:13,1
DA:16,4
DA:22,1
LF:9
LH:9
BRDA:4,0,0,1
BRDA:4,0,1,3
BRDA:8,1,0,1
BRDA:8,1,1,3
BRDA:12,2,0,1
BRDA:12,2,1,3
BRF:6
BRH:6
end_of_record
TN:
SF:ejercicios\ejercicio3\gestorUsuarios.js
FN:2,(anonymous_0)
FN:7,(anonymous_1)
FN:22,(anonymous_2)
FN:23,(anonymous_3)
FN:30,(anonymous_4)
FN:31,(anonymous_5)
FN:41,(anonymous_6)
FNF:7
FNH:7
FNDA:5,(anonymous_0)
FNDA:3,(anonymous_1)
FNDA:2,(anonymous_2)
FNDA:1,(anonymous_3)
FNDA:2,(anonymous_4)
FNDA:1,(anonymous_5)
FNDA:3,(anonymous_6)
DA:3,5
DA:4,5
DA:8,3
DA:9,0
DA:12,3
DA:18,3
DA:19,3
DA:23,2
DA:24,2
DA:25,1
DA:27,1
DA:31,2
DA:32,2
DA:33,1
DA:36,1
DA:37,1
DA:38,1
DA:42,3
DA:46,1
LF:19
LH:18
BRDA:8,0,0,0
BRDA:8,0,1,3
BRDA:8,1,0,3
BRDA:8,1,1,3
BRDA:24,2,0,1
BRDA:24,2,1,1
BRDA:32,3,0,1
BRDA:32,3,1,1
BRF:8
BRH:7
end_of_record
TN:
SF:ejercicios\ejercicio4\app.js
FN:16,(anonymous_0)
FN:25,(anonymous_1)
FN:37,(anonymous_2)
FN:53,(anonymous_3)
FN:70,(anonymous_4)
FNF:5
FNH:5
FNDA:2,(anonymous_0)
FNDA:2,(anonymous_1)
FNDA:2,(anonymous_2)
FNDA:2,(anonymous_3)
FNDA:2,(anonymous_4)
DA:1,1
DA:2,1
DA:4,1
DA:5,1
DA:7,1
DA:14,1
DA:16,1
DA:17,2
DA:18,2
DA:19,2
DA:21,0
DA:25,1
DA:26,2
DA:27,2
DA:28,2
DA:29,1
DA:31,1
DA:33,0
DA:37,1
DA:38,2
DA:39,2
DA:41,2
DA:42,1
DA:45,1
DA:46,1
DA:47,1
DA:49,0
DA:53,1
DA:54,2
DA:55,2
DA:61,2
DA:62,1
DA:64,1
DA:66,0
DA:70,1
DA:71,2
DA:72,2
DA:73,2
DA:74,1
DA:76,1
DA:78,0
DA:82,1
LF:42
LH:37
BRDA:28,0,0,1
BRDA:28,0,1,1
BRDA:41,1,0,1
BRDA:41,1,1,1
BRDA:41,2,0,2
BRDA:41,2,1,2
BRDA:41,2,2,1
BRDA:61,3,0,1
BRDA:61,3,1,1
BRDA:73,4,0,1
BRDA:73,4,1,1
BRF:11
BRH:11
end_of_record
