TN:
SF:app.js
FN:26,(anonymous_0)
FNF:1
FNH:1
FNDA:1,(anonymous_0)
DA:8,1
DA:10,1
DA:12,1
DA:17,1
DA:22,1
DA:24,1
DA:26,1
LF:7
LH:7
BRDA:22,0,0,1
BRDA:22,0,1,0
BRF:2
BRH:1
end_of_record
TN:
SF:config\db.js
FN:5,(anonymous_0)
FN:10,(anonymous_1)
FN:11,(anonymous_2)
FNF:3
FNH:2
FNDA:1,(anonymous_0)
FNDA:1,(anonymous_1)
FNDA:0,(anonymous_2)
DA:5,1
DA:6,1
DA:10,1
DA:11,0
LF:4
LH:3
BRF:0
BRH:0
end_of_record
TN:
SF:controllers\producto.js
FN:3,crearProducto
FN:13,obtenerProductos
FN:22,obtenerProducto
FN:34,eliminarProducto
FN:46,actualizarProducto
FNF:5
FNH:5
FNDA:3,crearProducto
FNDA:2,obtenerProductos
FNDA:2,obtenerProducto
FNDA:2,eliminarProducto
FNDA:2,actualizarProducto
DA:4,3
DA:5,3
DA:6,3
DA:7,1
DA:8,1
DA:10,2
DA:14,2
DA:15,2
DA:16,2
DA:18,0
DA:23,2
DA:24,2
DA:25,2
DA:26,1
DA:28,1
DA:30,0
DA:35,2
DA:36,2
DA:37,2
DA:38,1
DA:40,1
DA:42,0
DA:47,2
DA:48,2
DA:51,2
DA:52,1
DA:54,1
DA:56,0
LF:28
LH:24
BRDA:25,0,0,1
BRDA:25,0,1,1
BRDA:37,1,0,1
BRDA:37,1,1,1
BRDA:51,2,0,1
BRDA:51,2,1,1
BRF:6
BRH:6
end_of_record
TN:
SF:models\producto.js
FNF:0
FNH:0
DA:3,1
LF:1
LH:1
BRF:0
BRH:0
end_of_record
TN:
SF:routes\producto.js
FNF:0
FNH:0
DA:2,1
DA:5,1
DA:7,1
DA:9,1
DA:11,1
DA:13,1
LF:6
LH:6
BRF:0
BRH:0
end_of_record
